Vivado Simulator 2018.2
Copyright 1986-1999, 2001-2018 Xilinx, Inc. All Rights Reserved.
Running: E:/Vivado/2018.2/bin/unwrapped/win64.o/xelab.exe -wto f6decc77d4944d4badb96a9d5eab841f --incr --debug typical --relax --mt 2 -L dist_mem_gen_v8_0_12 -L xil_defaultlib -L unisims_ver -L unimacro_ver -L secureip -L xpm --snapshot MIPS_tb_behav xil_defaultlib.MIPS_tb xil_defaultlib.glbl -log elaborate.log 
Using 2 slave threads.
Starting static elaboration
Completed static elaboration
Starting simulation data flow analysis
Completed simulation data flow analysis
Time Resolution for simulation is 1ps
Compiling module xil_defaultlib.DDU
Compiling module dist_mem_gen_v8_0_12.dist_mem_gen_v8_0_12(C_FAMILY="a...
Compiling module xil_defaultlib.dist_mem_gen_0
Compiling module xil_defaultlib.ALU
Compiling module xil_defaultlib.ControlUnit
Compiling module xil_defaultlib.Registers_default
Compiling module xil_defaultlib.ALUControl
Compiling module xil_defaultlib.CPU
Compiling module xil_defaultlib.MIPS
Compiling module xil_defaultlib.MIPS_tb
Compiling module xil_defaultlib.glbl
Built simulation snapshot MIPS_tb_behav
