Vivado Simulator 2018.2
Time resolution is 1 ps
WARNING: This core is supplied with a behavioral model. To model cycle-accurate behavior you must run timing simulation.
WARNING in MIPS_tb.DUT.CPU.Mem.inst at time                45000 ns: 
Reading from out-of-range address. Max address in MIPS_tb.DUT.CPU.Mem.inst is         255
WARNING in MIPS_tb.DUT.CPU.Mem.inst at time                85000 ns: 
Reading from out-of-range address. Max address in MIPS_tb.DUT.CPU.Mem.inst is         255
WARNING in MIPS_tb.DUT.CPU.Mem.inst at time               125000 ns: 
Reading from out-of-range address. Max address in MIPS_tb.DUT.CPU.Mem.inst is         255
WARNING in MIPS_tb.DUT.CPU.Mem.inst at time               165000 ns: 
Reading from out-of-range address. Max address in MIPS_tb.DUT.CPU.Mem.inst is         255
WARNING in MIPS_tb.DUT.CPU.Mem.inst at time               215000 ns: 
Reading from out-of-range address. Max address in MIPS_tb.DUT.CPU.Mem.inst is         255
WARNING in MIPS_tb.DUT.CPU.Mem.inst at time               225000 ns: 
Reading from out-of-range address. Max address in MIPS_tb.DUT.CPU.Mem.inst is         255
WARNING in MIPS_tb.DUT.CPU.Mem.inst at time               245000 ns: 
Reading from out-of-range address. Max address in MIPS_tb.DUT.CPU.Mem.inst is         255
WARNING in MIPS_tb.DUT.CPU.Mem.inst at time               285000 ns: 
Reading from out-of-range address. Max address in MIPS_tb.DUT.CPU.Mem.inst is         255
WARNING in MIPS_tb.DUT.CPU.Mem.inst at time               325000 ns: 
Reading from out-of-range address. Max address in MIPS_tb.DUT.CPU.Mem.inst is         255
WARNING in MIPS_tb.DUT.CPU.Mem.inst at time               355000 ns: 
Reading from out-of-range address. Max address in MIPS_tb.DUT.CPU.Mem.inst is         255
WARNING in MIPS_tb.DUT.CPU.Mem.inst at time               405000 ns: 
Reading from out-of-range address. Max address in MIPS_tb.DUT.CPU.Mem.inst is         255
WARNING in MIPS_tb.DUT.CPU.Mem.inst at time               415000 ns: 
Reading from out-of-range address. Max address in MIPS_tb.DUT.CPU.Mem.inst is         255
WARNING in MIPS_tb.DUT.CPU.Mem.inst at time               435000 ns: 
Reading from out-of-range address. Max address in MIPS_tb.DUT.CPU.Mem.inst is         255
WARNING in MIPS_tb.DUT.CPU.Mem.inst at time               475000 ns: 
Reading from out-of-range address. Max address in MIPS_tb.DUT.CPU.Mem.inst is         255
WARNING in MIPS_tb.DUT.CPU.Mem.inst at time               515000 ns: 
Reading from out-of-range address. Max address in MIPS_tb.DUT.CPU.Mem.inst is         255
WARNING in MIPS_tb.DUT.CPU.Mem.inst at time               545000 ns: 
Reading from out-of-range address. Max address in MIPS_tb.DUT.CPU.Mem.inst is         255
WARNING in MIPS_tb.DUT.CPU.Mem.inst at time               595000 ns: 
Reading from out-of-range address. Max address in MIPS_tb.DUT.CPU.Mem.inst is         255
WARNING in MIPS_tb.DUT.CPU.Mem.inst at time               605000 ns: 
Reading from out-of-range address. Max address in MIPS_tb.DUT.CPU.Mem.inst is         255
WARNING in MIPS_tb.DUT.CPU.Mem.inst at time               625000 ns: 
Reading from out-of-range address. Max address in MIPS_tb.DUT.CPU.Mem.inst is         255
WARNING in MIPS_tb.DUT.CPU.Mem.inst at time               665000 ns: 
Reading from out-of-range address. Max address in MIPS_tb.DUT.CPU.Mem.inst is         255
WARNING in MIPS_tb.DUT.CPU.Mem.inst at time               705000 ns: 
Reading from out-of-range address. Max address in MIPS_tb.DUT.CPU.Mem.inst is         255
WARNING in MIPS_tb.DUT.CPU.Mem.inst at time               735000 ns: 
Reading from out-of-range address. Max address in MIPS_tb.DUT.CPU.Mem.inst is         255
WARNING in MIPS_tb.DUT.CPU.Mem.inst at time               785000 ns: 
Reading from out-of-range address. Max address in MIPS_tb.DUT.CPU.Mem.inst is         255
WARNING in MIPS_tb.DUT.CPU.Mem.inst at time               795000 ns: 
Reading from out-of-range address. Max address in MIPS_tb.DUT.CPU.Mem.inst is         255
WARNING in MIPS_tb.DUT.CPU.Mem.inst at time               815000 ns: 
Reading from out-of-range address. Max address in MIPS_tb.DUT.CPU.Mem.inst is         255
WARNING in MIPS_tb.DUT.CPU.Mem.inst at time               855000 ns: 
Reading from out-of-range address. Max address in MIPS_tb.DUT.CPU.Mem.inst is         255
WARNING in MIPS_tb.DUT.CPU.Mem.inst at time               895000 ns: 
Reading from out-of-range address. Max address in MIPS_tb.DUT.CPU.Mem.inst is         255
WARNING in MIPS_tb.DUT.CPU.Mem.inst at time               925000 ns: 
Reading from out-of-range address. Max address in MIPS_tb.DUT.CPU.Mem.inst is         255
WARNING in MIPS_tb.DUT.CPU.Mem.inst at time               975000 ns: 
Reading from out-of-range address. Max address in MIPS_tb.DUT.CPU.Mem.inst is         255
WARNING in MIPS_tb.DUT.CPU.Mem.inst at time               985000 ns: 
Reading from out-of-range address. Max address in MIPS_tb.DUT.CPU.Mem.inst is         255
